<?xml version="1.0" encoding="UTF-8"?>
<!-- Generated by org.testng.reporters.JUnitReportReporter -->
<testsuite hostname="DESKTOP-7BM582H" failures="0" tests="3" name="com.qa.tests.GetAPITest" time="3.366" errors="0" timestamp="6 Oct 2018 05:28:02 GMT">
  <testcase classname="com.qa.tests.GetAPITest" name="getAPITest" time="1.553"/>
  <testcase classname="com.qa.tests.GetAPITest" name="getAPTOneUserTest" time="0.861"/>
  <testcase classname="com.qa.tests.GetAPITest" name="getAPTUserNotFoundTest" time="0.952"/>
</testsuite> <!-- com.qa.tests.GetAPITest -->
