<?xml version="1.0" encoding="UTF-8"?>
<!-- Generated by org.testng.reporters.JUnitReportReporter -->
<testsuite hostname="DESKTOP-7BM582H" failures="0" tests="2" name="com.qa.tests.GetAPITest" time="2.434" errors="0" timestamp="11 Oct 2018 08:46:55 GMT">
  <testcase classname="com.qa.tests.GetAPITest" name="getAPIWithoutHeaderTest" time="0.854"/>
  <testcase classname="com.qa.tests.GetAPITest" name="getAPIWithHeaderTest" time="1.580"/>
</testsuite> <!-- com.qa.tests.GetAPITest -->
